ShakeSensorDemo/app/build/intermediates/manifest_merge_blame_file/debug/manifest-merger-blame-debug-report.txt
1<?xml version="1.0" encoding="utf-8"?>
2<manifest xmlns:android="http://schemas.android.com/apk/res/android"
3    package="edu.dartmouth.cs.shakesensordemo"
4    android:versionCode="1"
5    android:versionName="1.0" >
6
7    <uses-sdk
8        android:minSdkVersion="23"
8-->src\main\AndroidManifest.xml
9        android:targetSdkVersion="28" />
9-->src\main\AndroidManifest.xml
10
11    <application
11-->src\main\AndroidManifest.xml:8:5-22:19
12        android:debuggable="true"
13        android:icon="@drawable/ic_icon"
13-->src\main\AndroidManifest.xml:9:9-41
14        android:label="@string/app_name" >
14-->src\main\AndroidManifest.xml:10:9-41
15        <activity
15-->src\main\AndroidManifest.xml:12:9-21:20
16            android:name="edu.dartmouth.cs.shakesensordemo.SensorTestActivity"
16-->src\main\AndroidManifest.xml:13:13-79
17            android:configChanges="orientation"
17-->src\main\AndroidManifest.xml:14:13-48
18            android:label="@string/app_name" >
18-->src\main\AndroidManifest.xml:15:13-45
19            <intent-filter>
19-->src\main\AndroidManifest.xml:16:13-20:29
20                <action android:name="android.intent.action.MAIN" />
20-->src\main\AndroidManifest.xml:17:17-69
20-->src\main\AndroidManifest.xml:17:25-66
21
22                <category android:name="android.intent.category.LAUNCHER" />
22-->src\main\AndroidManifest.xml:19:17-77
22-->src\main\AndroidManifest.xml:19:27-74
23            </intent-filter>
24        </activity>
25    </application>
26
27</manifest>